[0.764s] DEBUG:colcon:Command line arguments: ['/usr/bin/colcon', 'build']
[0.765s] DEBUG:colcon:Parsed command line arguments: Namespace(ament_cmake_args=None, base_paths=['.'], build_base='build', catkin_cmake_args=None, catkin_skip_building_tests=False, cmake_args=None, cmake_clean_cache=False, cmake_clean_first=False, cmake_force_configure=False, cmake_target=None, cmake_target_skip_unavailable=False, continue_on_error=False, event_handlers=None, executor='parallel', ignore_user_meta=False, install_base='install', log_base=None, log_level=None, main=<bound method BuildVerb.main of <colcon_core.verb.build.BuildVerb object at 0xffff8705e0a0>>, merge_install=False, metas=['./colcon.meta'], packages_above=None, packages_above_and_dependencies=None, packages_above_depth=None, packages_end=None, packages_ignore=None, packages_ignore_regex=None, packages_select=None, packages_select_build_failed=False, packages_select_by_dep=None, packages_select_regex=None, packages_select_test_failures=False, packages_skip=None, packages_skip_build_finished=False, packages_skip_by_dep=None, packages_skip_regex=None, packages_skip_test_passed=False, packages_skip_up_to=None, packages_start=None, packages_up_to=None, packages_up_to_regex=None, parallel_workers=8, paths=None, symlink_install=False, test_result_base=None, verb_extension=<colcon_core.verb.build.BuildVerb object at 0xffff8705e0a0>, verb_name='build', verb_parser=<colcon_defaults.argument_parser.defaults.DefaultArgumentsDecorator object at 0xffff8705e550>)
[0.898s] Level 1:colcon.colcon_core.package_discovery:discover_packages(colcon_meta) check parameters
[0.899s] Level 1:colcon.colcon_core.package_discovery:discover_packages(recursive) check parameters
[0.899s] Level 1:colcon.colcon_core.package_discovery:discover_packages(ignore) check parameters
[0.899s] Level 1:colcon.colcon_core.package_discovery:discover_packages(path) check parameters
[0.899s] Level 1:colcon.colcon_core.package_discovery:discover_packages(colcon_meta) discover
[0.899s] Level 1:colcon.colcon_core.package_discovery:discover_packages(recursive) discover
[0.899s] INFO:colcon.colcon_core.package_discovery:Crawling recursively for packages in '/home/sensors_ws'
[0.900s] Level 1:colcon.colcon_core.package_identification:_identify(.) by extensions ['ignore', 'ignore_ament_install']
[0.900s] Level 1:colcon.colcon_core.package_identification:_identify(.) by extension 'ignore'
[0.900s] Level 1:colcon.colcon_core.package_identification:_identify(.) by extension 'ignore_ament_install'
[0.901s] Level 1:colcon.colcon_core.package_identification:_identify(.) by extensions ['colcon_pkg']
[0.901s] Level 1:colcon.colcon_core.package_identification:_identify(.) by extension 'colcon_pkg'
[0.901s] Level 1:colcon.colcon_core.package_identification:_identify(.) by extensions ['colcon_meta']
[0.901s] Level 1:colcon.colcon_core.package_identification:_identify(.) by extension 'colcon_meta'
[0.901s] Level 1:colcon.colcon_core.package_identification:_identify(.) by extensions ['ros']
[0.901s] Level 1:colcon.colcon_core.package_identification:_identify(.) by extension 'ros'
[1.016s] Level 1:colcon.colcon_core.package_identification:_identify(.) by extensions ['cmake', 'python']
[1.016s] Level 1:colcon.colcon_core.package_identification:_identify(.) by extension 'cmake'
[1.016s] Level 1:colcon.colcon_core.package_identification:_identify(.) by extension 'python'
[1.017s] Level 1:colcon.colcon_core.package_identification:_identify(.) by extensions ['python_setup_py']
[1.017s] Level 1:colcon.colcon_core.package_identification:_identify(.) by extension 'python_setup_py'
[1.017s] Level 1:colcon.colcon_core.package_identification:_identify(build) by extensions ['ignore', 'ignore_ament_install']
[1.018s] Level 1:colcon.colcon_core.package_identification:_identify(build) by extension 'ignore'
[1.018s] Level 1:colcon.colcon_core.package_identification:_identify(build) ignored
[1.018s] Level 1:colcon.colcon_core.package_identification:_identify(install) by extensions ['ignore', 'ignore_ament_install']
[1.018s] Level 1:colcon.colcon_core.package_identification:_identify(install) by extension 'ignore'
[1.019s] Level 1:colcon.colcon_core.package_identification:_identify(install) ignored
[1.019s] Level 1:colcon.colcon_core.package_identification:_identify(log) by extensions ['ignore', 'ignore_ament_install']
[1.019s] Level 1:colcon.colcon_core.package_identification:_identify(log) by extension 'ignore'
[1.019s] Level 1:colcon.colcon_core.package_identification:_identify(log) ignored
[1.020s] Level 1:colcon.colcon_core.package_identification:_identify(src) by extensions ['ignore', 'ignore_ament_install']
[1.020s] Level 1:colcon.colcon_core.package_identification:_identify(src) by extension 'ignore'
[1.020s] Level 1:colcon.colcon_core.package_identification:_identify(src) by extension 'ignore_ament_install'
[1.020s] Level 1:colcon.colcon_core.package_identification:_identify(src) by extensions ['colcon_pkg']
[1.020s] Level 1:colcon.colcon_core.package_identification:_identify(src) by extension 'colcon_pkg'
[1.021s] Level 1:colcon.colcon_core.package_identification:_identify(src) by extensions ['colcon_meta']
[1.021s] Level 1:colcon.colcon_core.package_identification:_identify(src) by extension 'colcon_meta'
[1.021s] Level 1:colcon.colcon_core.package_identification:_identify(src) by extensions ['ros']
[1.021s] Level 1:colcon.colcon_core.package_identification:_identify(src) by extension 'ros'
[1.021s] Level 1:colcon.colcon_core.package_identification:_identify(src) by extensions ['cmake', 'python']
[1.021s] Level 1:colcon.colcon_core.package_identification:_identify(src) by extension 'cmake'
[1.022s] Level 1:colcon.colcon_core.package_identification:_identify(src) by extension 'python'
[1.022s] Level 1:colcon.colcon_core.package_identification:_identify(src) by extensions ['python_setup_py']
[1.022s] Level 1:colcon.colcon_core.package_identification:_identify(src) by extension 'python_setup_py'
[1.022s] Level 1:colcon.colcon_core.package_identification:_identify(src/ros2_mpu6050_driver) by extensions ['ignore', 'ignore_ament_install']
[1.023s] Level 1:colcon.colcon_core.package_identification:_identify(src/ros2_mpu6050_driver) by extension 'ignore'
[1.023s] Level 1:colcon.colcon_core.package_identification:_identify(src/ros2_mpu6050_driver) by extension 'ignore_ament_install'
[1.023s] Level 1:colcon.colcon_core.package_identification:_identify(src/ros2_mpu6050_driver) by extensions ['colcon_pkg']
[1.023s] Level 1:colcon.colcon_core.package_identification:_identify(src/ros2_mpu6050_driver) by extension 'colcon_pkg'
[1.023s] Level 1:colcon.colcon_core.package_identification:_identify(src/ros2_mpu6050_driver) by extensions ['colcon_meta']
[1.023s] Level 1:colcon.colcon_core.package_identification:_identify(src/ros2_mpu6050_driver) by extension 'colcon_meta'
[1.023s] Level 1:colcon.colcon_core.package_identification:_identify(src/ros2_mpu6050_driver) by extensions ['ros']
[1.024s] Level 1:colcon.colcon_core.package_identification:_identify(src/ros2_mpu6050_driver) by extension 'ros'
[1.033s] DEBUG:colcon.colcon_core.package_identification:Package 'src/ros2_mpu6050_driver' with type 'ros.ament_cmake' and name 'mpu6050driver'
[1.033s] Level 1:colcon.colcon_core.package_discovery:discover_packages(recursive) using defaults
[1.033s] Level 1:colcon.colcon_core.package_discovery:discover_packages(ignore) discover
[1.033s] Level 1:colcon.colcon_core.package_discovery:discover_packages(ignore) using defaults
[1.034s] Level 1:colcon.colcon_core.package_discovery:discover_packages(path) discover
[1.034s] Level 1:colcon.colcon_core.package_discovery:discover_packages(path) using defaults
[1.132s] Level 5:colcon.colcon_core.verb:set package 'mpu6050driver' build argument 'cmake_args' from command line to 'None'
[1.132s] Level 5:colcon.colcon_core.verb:set package 'mpu6050driver' build argument 'cmake_target' from command line to 'None'
[1.132s] Level 5:colcon.colcon_core.verb:set package 'mpu6050driver' build argument 'cmake_target_skip_unavailable' from command line to 'False'
[1.132s] Level 5:colcon.colcon_core.verb:set package 'mpu6050driver' build argument 'cmake_clean_cache' from command line to 'False'
[1.132s] Level 5:colcon.colcon_core.verb:set package 'mpu6050driver' build argument 'cmake_clean_first' from command line to 'False'
[1.133s] Level 5:colcon.colcon_core.verb:set package 'mpu6050driver' build argument 'cmake_force_configure' from command line to 'False'
[1.133s] Level 5:colcon.colcon_core.verb:set package 'mpu6050driver' build argument 'ament_cmake_args' from command line to 'None'
[1.133s] Level 5:colcon.colcon_core.verb:set package 'mpu6050driver' build argument 'catkin_cmake_args' from command line to 'None'
[1.133s] Level 5:colcon.colcon_core.verb:set package 'mpu6050driver' build argument 'catkin_skip_building_tests' from command line to 'False'
[1.133s] DEBUG:colcon.colcon_core.verb:Building package 'mpu6050driver' with the following arguments: {'ament_cmake_args': None, 'build_base': '/home/sensors_ws/build/mpu6050driver', 'catkin_cmake_args': None, 'catkin_skip_building_tests': False, 'cmake_args': None, 'cmake_clean_cache': False, 'cmake_clean_first': False, 'cmake_force_configure': False, 'cmake_target': None, 'cmake_target_skip_unavailable': False, 'install_base': '/home/sensors_ws/install/mpu6050driver', 'merge_install': False, 'path': '/home/sensors_ws/src/ros2_mpu6050_driver', 'symlink_install': False, 'test_result_base': None}
[1.137s] INFO:colcon.colcon_core.executor:Executing jobs using 'parallel' executor
[1.166s] DEBUG:colcon.colcon_parallel_executor.executor.parallel:run_until_complete
[1.167s] INFO:colcon.colcon_ros.task.ament_cmake.build:Building ROS package in '/home/sensors_ws/src/ros2_mpu6050_driver' with build type 'ament_cmake'
[1.167s] INFO:colcon.colcon_cmake.task.cmake.build:Building CMake package in '/home/sensors_ws/src/ros2_mpu6050_driver'
[1.195s] INFO:colcon.colcon_core.plugin_system:Skipping extension 'colcon_core.shell.bat': Not used on non-Windows systems
[1.196s] INFO:colcon.colcon_core.shell:Skip shell extension 'powershell' for command environment: Not usable outside of PowerShell
[1.196s] DEBUG:colcon.colcon_core.shell:Skip shell extension 'dsv' for command environment
[1.265s] DEBUG:colcon.colcon_core.event_handler.log_command:Invoking command in '/home/sensors_ws/build/mpu6050driver': /usr/local/bin/cmake /home/sensors_ws/src/ros2_mpu6050_driver -DCMAKE_INSTALL_PREFIX=/home/sensors_ws/install/mpu6050driver
[6.296s] DEBUG:colcon.colcon_core.event_handler.log_command:Invoked command in '/home/sensors_ws/build/mpu6050driver' returned '0': /usr/local/bin/cmake /home/sensors_ws/src/ros2_mpu6050_driver -DCMAKE_INSTALL_PREFIX=/home/sensors_ws/install/mpu6050driver
[6.323s] DEBUG:colcon.colcon_core.event_handler.log_command:Invoking command in '/home/sensors_ws/build/mpu6050driver': /usr/local/bin/cmake --build /home/sensors_ws/build/mpu6050driver -- -j8 -l8
[23.734s] DEBUG:colcon.colcon_core.event_handler.log_command:Invoked command in '/home/sensors_ws/build/mpu6050driver' returned '0': /usr/local/bin/cmake --build /home/sensors_ws/build/mpu6050driver -- -j8 -l8
[24.092s] DEBUG:colcon.colcon_core.event_handler.log_command:Invoking command in '/home/sensors_ws/build/mpu6050driver': /usr/local/bin/cmake --install /home/sensors_ws/build/mpu6050driver
[24.247s] Level 1:colcon.colcon_core.environment:create_environment_scripts_only(mpu6050driver)
[24.256s] DEBUG:colcon.colcon_core.event_handler.log_command:Invoked command in '/home/sensors_ws/build/mpu6050driver' returned '0': /usr/local/bin/cmake --install /home/sensors_ws/build/mpu6050driver
[24.313s] Level 1:colcon.colcon_core.environment:checking '/home/sensors_ws/install/mpu6050driver' for CMake module files
[24.315s] Level 1:colcon.colcon_core.environment:checking '/home/sensors_ws/install/mpu6050driver' for CMake config files
[24.316s] Level 1:colcon.colcon_core.shell:create_environment_hook('mpu6050driver', 'cmake_prefix_path')
[24.326s] INFO:colcon.colcon_core.shell:Creating environment hook '/home/sensors_ws/install/mpu6050driver/share/mpu6050driver/hook/cmake_prefix_path.ps1'
[24.329s] INFO:colcon.colcon_core.shell:Creating environment descriptor '/home/sensors_ws/install/mpu6050driver/share/mpu6050driver/hook/cmake_prefix_path.dsv'
[24.331s] INFO:colcon.colcon_core.shell:Creating environment hook '/home/sensors_ws/install/mpu6050driver/share/mpu6050driver/hook/cmake_prefix_path.sh'
[24.334s] Level 1:colcon.colcon_core.environment:checking '/home/sensors_ws/install/mpu6050driver/lib'
[24.335s] Level 1:colcon.colcon_core.environment:checking '/home/sensors_ws/install/mpu6050driver/bin'
[24.335s] Level 1:colcon.colcon_core.environment:checking '/home/sensors_ws/install/mpu6050driver/lib/pkgconfig/mpu6050driver.pc'
[24.338s] Level 1:colcon.colcon_core.environment:checking '/home/sensors_ws/install/mpu6050driver/lib/python3.8/site-packages'
[24.339s] Level 1:colcon.colcon_core.environment:checking '/home/sensors_ws/install/mpu6050driver/bin'
[24.349s] INFO:colcon.colcon_core.shell:Creating package script '/home/sensors_ws/install/mpu6050driver/share/mpu6050driver/package.ps1'
[24.351s] INFO:colcon.colcon_core.shell:Creating package descriptor '/home/sensors_ws/install/mpu6050driver/share/mpu6050driver/package.dsv'
[24.353s] INFO:colcon.colcon_core.shell:Creating package script '/home/sensors_ws/install/mpu6050driver/share/mpu6050driver/package.sh'
[24.356s] INFO:colcon.colcon_core.shell:Creating package script '/home/sensors_ws/install/mpu6050driver/share/mpu6050driver/package.bash'
[24.359s] INFO:colcon.colcon_core.shell:Creating package script '/home/sensors_ws/install/mpu6050driver/share/mpu6050driver/package.zsh'
[24.362s] Level 1:colcon.colcon_core.environment:create_file_with_runtime_dependencies(/home/sensors_ws/install/mpu6050driver/share/colcon-core/packages/mpu6050driver)
[24.577s] Level 1:colcon.colcon_core.environment:create_environment_scripts_only(mpu6050driver)
[24.599s] Level 1:colcon.colcon_core.environment:checking '/home/sensors_ws/install/mpu6050driver' for CMake module files
[24.601s] Level 1:colcon.colcon_core.environment:checking '/home/sensors_ws/install/mpu6050driver' for CMake config files
[24.603s] Level 1:colcon.colcon_core.shell:create_environment_hook('mpu6050driver', 'cmake_prefix_path')
[24.613s] INFO:colcon.colcon_core.shell:Creating environment hook '/home/sensors_ws/install/mpu6050driver/share/mpu6050driver/hook/cmake_prefix_path.ps1'
[24.615s] INFO:colcon.colcon_core.shell:Creating environment descriptor '/home/sensors_ws/install/mpu6050driver/share/mpu6050driver/hook/cmake_prefix_path.dsv'
[24.616s] INFO:colcon.colcon_core.shell:Creating environment hook '/home/sensors_ws/install/mpu6050driver/share/mpu6050driver/hook/cmake_prefix_path.sh'
[24.619s] Level 1:colcon.colcon_core.environment:checking '/home/sensors_ws/install/mpu6050driver/lib'
[24.619s] Level 1:colcon.colcon_core.environment:checking '/home/sensors_ws/install/mpu6050driver/bin'
[24.619s] Level 1:colcon.colcon_core.environment:checking '/home/sensors_ws/install/mpu6050driver/lib/pkgconfig/mpu6050driver.pc'
[24.620s] Level 1:colcon.colcon_core.environment:checking '/home/sensors_ws/install/mpu6050driver/lib/python3.8/site-packages'
[24.621s] Level 1:colcon.colcon_core.environment:checking '/home/sensors_ws/install/mpu6050driver/bin'
[24.631s] INFO:colcon.colcon_core.shell:Creating package script '/home/sensors_ws/install/mpu6050driver/share/mpu6050driver/package.ps1'
[24.632s] INFO:colcon.colcon_core.shell:Creating package descriptor '/home/sensors_ws/install/mpu6050driver/share/mpu6050driver/package.dsv'
[24.634s] INFO:colcon.colcon_core.shell:Creating package script '/home/sensors_ws/install/mpu6050driver/share/mpu6050driver/package.sh'
[24.636s] INFO:colcon.colcon_core.shell:Creating package script '/home/sensors_ws/install/mpu6050driver/share/mpu6050driver/package.bash'
[24.637s] INFO:colcon.colcon_core.shell:Creating package script '/home/sensors_ws/install/mpu6050driver/share/mpu6050driver/package.zsh'
[24.638s] Level 1:colcon.colcon_core.environment:create_file_with_runtime_dependencies(/home/sensors_ws/install/mpu6050driver/share/colcon-core/packages/mpu6050driver)
[24.639s] DEBUG:colcon.colcon_parallel_executor.executor.parallel:closing loop
[24.642s] DEBUG:colcon.colcon_parallel_executor.executor.parallel:loop closed
[24.642s] DEBUG:colcon.colcon_parallel_executor.executor.parallel:run_until_complete finished with '0'
[24.642s] DEBUG:colcon.colcon_core.event_reactor:joining thread
[24.683s] INFO:colcon.colcon_core.plugin_system:Skipping extension 'colcon_notification.desktop_notification.notify_send': Could not find 'notify-send'
[24.683s] INFO:colcon.colcon_core.plugin_system:Skipping extension 'colcon_notification.desktop_notification.terminal_notifier': Not used on non-Darwin systems
[24.683s] INFO:colcon.colcon_core.plugin_system:Skipping extension 'colcon_notification.desktop_notification.win32': Not used on non-Windows systems
[24.683s] INFO:colcon.colcon_notification.desktop_notification:Sending desktop notification using 'notify2'
[24.748s] DEBUG:colcon.colcon_notification.desktop_notification.notify2:Failed to initialize notify2: org.freedesktop.DBus.Error.ServiceUnknown: The name org.freedesktop.Notifications was not provided by any .service files
[24.750s] DEBUG:colcon.colcon_core.event_reactor:joined thread
[24.764s] INFO:colcon.colcon_core.shell:Creating prefix script '/home/sensors_ws/install/local_setup.ps1'
[24.770s] INFO:colcon.colcon_core.shell:Creating prefix util module '/home/sensors_ws/install/_local_setup_util_ps1.py'
[24.778s] INFO:colcon.colcon_core.shell:Creating prefix chain script '/home/sensors_ws/install/setup.ps1'
[24.784s] INFO:colcon.colcon_core.shell:Creating prefix script '/home/sensors_ws/install/local_setup.sh'
[24.786s] INFO:colcon.colcon_core.shell:Creating prefix util module '/home/sensors_ws/install/_local_setup_util_sh.py'
[24.787s] INFO:colcon.colcon_core.shell:Creating prefix chain script '/home/sensors_ws/install/setup.sh'
[24.793s] INFO:colcon.colcon_core.shell:Creating prefix script '/home/sensors_ws/install/local_setup.bash'
[24.795s] INFO:colcon.colcon_core.shell:Creating prefix chain script '/home/sensors_ws/install/setup.bash'
[24.800s] INFO:colcon.colcon_core.shell:Creating prefix script '/home/sensors_ws/install/local_setup.zsh'
[24.802s] INFO:colcon.colcon_core.shell:Creating prefix chain script '/home/sensors_ws/install/setup.zsh'
