-- Found ament_cmake: 1.3.2 (/opt/ros/humble/install/share/ament_cmake/cmake)
-- Found rclcpp: 16.0.1 (/opt/ros/humble/install/share/rclcpp/cmake)
-- Found rosidl_generator_c: 3.1.3 (/opt/ros/humble/install/share/rosidl_generator_c/cmake)
-- Found rosidl_adapter: 3.1.3 (/opt/ros/humble/install/share/rosidl_adapter/cmake)
-- Found rosidl_generator_cpp: 3.1.3 (/opt/ros/humble/install/share/rosidl_generator_cpp/cmake)
-- Using all available rosidl_typesupport_c: rosidl_typesupport_fastrtps_c;rosidl_typesupport_introspection_c
-- Using all available rosidl_typesupport_cpp: rosidl_typesupport_fastrtps_cpp;rosidl_typesupport_introspection_cpp
-- Found rmw_implementation_cmake: 6.1.0 (/opt/ros/humble/install/share/rmw_implementation_cmake/cmake)
-- Found rmw_cyclonedds_cpp: 1.3.3 (/opt/ros/humble/install/share/rmw_cyclonedds_cpp/cmake)
-- Using RMW implementation 'rmw_cyclonedds_cpp' as default
-- Found sensor_msgs: 4.2.2 (/opt/ros/humble/install/share/sensor_msgs/cmake)
-- Configuring done
-- Generating done
-- Build files have been written to: /home/sensors_ws/build/mpu6050driver
[35m[1mConsolidate compiler generated dependencies of target mpu6050driver[0m
[35m[1mConsolidate compiler generated dependencies of target pitch_roll[0m
[ 20%] [32mBuilding CXX object CMakeFiles/pitch_roll.dir/src/pitch_roll.cpp.o[0m
[ 80%] Built target mpu6050driver
[100%] [32m[1mLinking CXX executable pitch_roll[0m
[100%] Built target pitch_roll
-- Install configuration: ""
-- Up-to-date: /home/sensors_ws/install/mpu6050driver/lib/mpu6050driver/mpu6050driver
-- Installing: /home/sensors_ws/install/mpu6050driver/lib/mpu6050driver/pitch_roll
-- Set runtime path of "/home/sensors_ws/install/mpu6050driver/lib/mpu6050driver/pitch_roll" to ""
-- Up-to-date: /home/sensors_ws/install/mpu6050driver/share/mpu6050driver//launch
-- Up-to-date: /home/sensors_ws/install/mpu6050driver/share/mpu6050driver//launch/mpu6050driver_launch.py
-- Up-to-date: /home/sensors_ws/install/mpu6050driver/share/mpu6050driver//params
-- Up-to-date: /home/sensors_ws/install/mpu6050driver/share/mpu6050driver//params/mpu6050.yaml
-- Up-to-date: /home/sensors_ws/install/mpu6050driver/share/ament_index/resource_index/package_run_dependencies/mpu6050driver
-- Installing: /home/sensors_ws/install/mpu6050driver/share/ament_index/resource_index/parent_prefix_path/mpu6050driver
-- Up-to-date: /home/sensors_ws/install/mpu6050driver/share/mpu6050driver/environment/ament_prefix_path.sh
-- Installing: /home/sensors_ws/install/mpu6050driver/share/mpu6050driver/environment/ament_prefix_path.dsv
-- Up-to-date: /home/sensors_ws/install/mpu6050driver/share/mpu6050driver/environment/path.sh
-- Installing: /home/sensors_ws/install/mpu6050driver/share/mpu6050driver/environment/path.dsv
-- Up-to-date: /home/sensors_ws/install/mpu6050driver/share/mpu6050driver/local_setup.bash
-- Up-to-date: /home/sensors_ws/install/mpu6050driver/share/mpu6050driver/local_setup.sh
-- Up-to-date: /home/sensors_ws/install/mpu6050driver/share/mpu6050driver/local_setup.zsh
-- Installing: /home/sensors_ws/install/mpu6050driver/share/mpu6050driver/local_setup.dsv
-- Installing: /home/sensors_ws/install/mpu6050driver/share/mpu6050driver/package.dsv
-- Up-to-date: /home/sensors_ws/install/mpu6050driver/share/ament_index/resource_index/packages/mpu6050driver
-- Up-to-date: /home/sensors_ws/install/mpu6050driver/share/mpu6050driver/cmake/mpu6050driverConfig.cmake
-- Up-to-date: /home/sensors_ws/install/mpu6050driver/share/mpu6050driver/cmake/mpu6050driverConfig-version.cmake
-- Up-to-date: /home/sensors_ws/install/mpu6050driver/share/mpu6050driver/package.xml
