[0.578s] DEBUG:colcon:Command line arguments: ['/usr/bin/colcon', 'build']
[0.579s] DEBUG:colcon:Parsed command line arguments: Namespace(ament_cmake_args=None, base_paths=['.'], build_base='build', catkin_cmake_args=None, catkin_skip_building_tests=False, cmake_args=None, cmake_clean_cache=False, cmake_clean_first=False, cmake_force_configure=False, cmake_target=None, cmake_target_skip_unavailable=False, continue_on_error=False, event_handlers=None, executor='parallel', ignore_user_meta=False, install_base='install', log_base=None, log_level=None, main=<bound method BuildVerb.main of <colcon_core.verb.build.BuildVerb object at 0xffffba5dc280>>, merge_install=False, metas=['./colcon.meta'], packages_above=None, packages_above_and_dependencies=None, packages_above_depth=None, packages_end=None, packages_ignore=None, packages_ignore_regex=None, packages_select=None, packages_select_build_failed=False, packages_select_by_dep=None, packages_select_regex=None, packages_select_test_failures=False, packages_skip=None, packages_skip_build_finished=False, packages_skip_by_dep=None, packages_skip_regex=None, packages_skip_test_passed=False, packages_skip_up_to=None, packages_start=None, packages_up_to=None, packages_up_to_regex=None, parallel_workers=8, paths=None, symlink_install=False, test_result_base=None, verb_extension=<colcon_core.verb.build.BuildVerb object at 0xffffba5dc280>, verb_name='build', verb_parser=<colcon_defaults.argument_parser.defaults.DefaultArgumentsDecorator object at 0xffffba5dc7c0>)
[0.679s] Level 1:colcon.colcon_core.package_discovery:discover_packages(colcon_meta) check parameters
[0.679s] Level 1:colcon.colcon_core.package_discovery:discover_packages(recursive) check parameters
[0.680s] Level 1:colcon.colcon_core.package_discovery:discover_packages(ignore) check parameters
[0.680s] Level 1:colcon.colcon_core.package_discovery:discover_packages(path) check parameters
[0.680s] Level 1:colcon.colcon_core.package_discovery:discover_packages(colcon_meta) discover
[0.680s] Level 1:colcon.colcon_core.package_discovery:discover_packages(recursive) discover
[0.681s] INFO:colcon.colcon_core.package_discovery:Crawling recursively for packages in '/home/sensors_ws'
[0.681s] Level 1:colcon.colcon_core.package_identification:_identify(.) by extensions ['ignore', 'ignore_ament_install']
[0.682s] Level 1:colcon.colcon_core.package_identification:_identify(.) by extension 'ignore'
[0.682s] Level 1:colcon.colcon_core.package_identification:_identify(.) by extension 'ignore_ament_install'
[0.682s] Level 1:colcon.colcon_core.package_identification:_identify(.) by extensions ['colcon_pkg']
[0.682s] Level 1:colcon.colcon_core.package_identification:_identify(.) by extension 'colcon_pkg'
[0.683s] Level 1:colcon.colcon_core.package_identification:_identify(.) by extensions ['colcon_meta']
[0.683s] Level 1:colcon.colcon_core.package_identification:_identify(.) by extension 'colcon_meta'
[0.683s] Level 1:colcon.colcon_core.package_identification:_identify(.) by extensions ['ros']
[0.683s] Level 1:colcon.colcon_core.package_identification:_identify(.) by extension 'ros'
[0.792s] Level 1:colcon.colcon_core.package_identification:_identify(.) by extensions ['cmake', 'python']
[0.793s] Level 1:colcon.colcon_core.package_identification:_identify(.) by extension 'cmake'
[0.793s] Level 1:colcon.colcon_core.package_identification:_identify(.) by extension 'python'
[0.793s] Level 1:colcon.colcon_core.package_identification:_identify(.) by extensions ['python_setup_py']
[0.793s] Level 1:colcon.colcon_core.package_identification:_identify(.) by extension 'python_setup_py'
[0.794s] Level 1:colcon.colcon_core.package_identification:_identify(build) by extensions ['ignore', 'ignore_ament_install']
[0.794s] Level 1:colcon.colcon_core.package_identification:_identify(build) by extension 'ignore'
[0.794s] Level 1:colcon.colcon_core.package_identification:_identify(build) ignored
[0.795s] Level 1:colcon.colcon_core.package_identification:_identify(install) by extensions ['ignore', 'ignore_ament_install']
[0.795s] Level 1:colcon.colcon_core.package_identification:_identify(install) by extension 'ignore'
[0.795s] Level 1:colcon.colcon_core.package_identification:_identify(install) ignored
[0.796s] Level 1:colcon.colcon_core.package_identification:_identify(log) by extensions ['ignore', 'ignore_ament_install']
[0.796s] Level 1:colcon.colcon_core.package_identification:_identify(log) by extension 'ignore'
[0.796s] Level 1:colcon.colcon_core.package_identification:_identify(log) ignored
[0.797s] Level 1:colcon.colcon_core.package_identification:_identify(src) by extensions ['ignore', 'ignore_ament_install']
[0.797s] Level 1:colcon.colcon_core.package_identification:_identify(src) by extension 'ignore'
[0.797s] Level 1:colcon.colcon_core.package_identification:_identify(src) by extension 'ignore_ament_install'
[0.797s] Level 1:colcon.colcon_core.package_identification:_identify(src) by extensions ['colcon_pkg']
[0.797s] Level 1:colcon.colcon_core.package_identification:_identify(src) by extension 'colcon_pkg'
[0.798s] Level 1:colcon.colcon_core.package_identification:_identify(src) by extensions ['colcon_meta']
[0.798s] Level 1:colcon.colcon_core.package_identification:_identify(src) by extension 'colcon_meta'
[0.798s] Level 1:colcon.colcon_core.package_identification:_identify(src) by extensions ['ros']
[0.798s] Level 1:colcon.colcon_core.package_identification:_identify(src) by extension 'ros'
[0.798s] Level 1:colcon.colcon_core.package_identification:_identify(src) by extensions ['cmake', 'python']
[0.799s] Level 1:colcon.colcon_core.package_identification:_identify(src) by extension 'cmake'
[0.799s] Level 1:colcon.colcon_core.package_identification:_identify(src) by extension 'python'
[0.799s] Level 1:colcon.colcon_core.package_identification:_identify(src) by extensions ['python_setup_py']
[0.799s] Level 1:colcon.colcon_core.package_identification:_identify(src) by extension 'python_setup_py'
[0.799s] Level 1:colcon.colcon_core.package_identification:_identify(src/ros2_mpu6050_driver) by extensions ['ignore', 'ignore_ament_install']
[0.800s] Level 1:colcon.colcon_core.package_identification:_identify(src/ros2_mpu6050_driver) by extension 'ignore'
[0.800s] Level 1:colcon.colcon_core.package_identification:_identify(src/ros2_mpu6050_driver) by extension 'ignore_ament_install'
[0.800s] Level 1:colcon.colcon_core.package_identification:_identify(src/ros2_mpu6050_driver) by extensions ['colcon_pkg']
[0.800s] Level 1:colcon.colcon_core.package_identification:_identify(src/ros2_mpu6050_driver) by extension 'colcon_pkg'
[0.801s] Level 1:colcon.colcon_core.package_identification:_identify(src/ros2_mpu6050_driver) by extensions ['colcon_meta']
[0.801s] Level 1:colcon.colcon_core.package_identification:_identify(src/ros2_mpu6050_driver) by extension 'colcon_meta'
[0.801s] Level 1:colcon.colcon_core.package_identification:_identify(src/ros2_mpu6050_driver) by extensions ['ros']
[0.801s] Level 1:colcon.colcon_core.package_identification:_identify(src/ros2_mpu6050_driver) by extension 'ros'
[0.809s] DEBUG:colcon.colcon_core.package_identification:Package 'src/ros2_mpu6050_driver' with type 'ros.ament_cmake' and name 'mpu6050driver'
[0.810s] Level 1:colcon.colcon_core.package_discovery:discover_packages(recursive) using defaults
[0.810s] Level 1:colcon.colcon_core.package_discovery:discover_packages(ignore) discover
[0.810s] Level 1:colcon.colcon_core.package_discovery:discover_packages(ignore) using defaults
[0.810s] Level 1:colcon.colcon_core.package_discovery:discover_packages(path) discover
[0.810s] Level 1:colcon.colcon_core.package_discovery:discover_packages(path) using defaults
[0.896s] Level 5:colcon.colcon_core.verb:set package 'mpu6050driver' build argument 'cmake_args' from command line to 'None'
[0.896s] Level 5:colcon.colcon_core.verb:set package 'mpu6050driver' build argument 'cmake_target' from command line to 'None'
[0.896s] Level 5:colcon.colcon_core.verb:set package 'mpu6050driver' build argument 'cmake_target_skip_unavailable' from command line to 'False'
[0.896s] Level 5:colcon.colcon_core.verb:set package 'mpu6050driver' build argument 'cmake_clean_cache' from command line to 'False'
[0.897s] Level 5:colcon.colcon_core.verb:set package 'mpu6050driver' build argument 'cmake_clean_first' from command line to 'False'
[0.897s] Level 5:colcon.colcon_core.verb:set package 'mpu6050driver' build argument 'cmake_force_configure' from command line to 'False'
[0.897s] Level 5:colcon.colcon_core.verb:set package 'mpu6050driver' build argument 'ament_cmake_args' from command line to 'None'
[0.897s] Level 5:colcon.colcon_core.verb:set package 'mpu6050driver' build argument 'catkin_cmake_args' from command line to 'None'
[0.897s] Level 5:colcon.colcon_core.verb:set package 'mpu6050driver' build argument 'catkin_skip_building_tests' from command line to 'False'
[0.897s] DEBUG:colcon.colcon_core.verb:Building package 'mpu6050driver' with the following arguments: {'ament_cmake_args': None, 'build_base': '/home/sensors_ws/build/mpu6050driver', 'catkin_cmake_args': None, 'catkin_skip_building_tests': False, 'cmake_args': None, 'cmake_clean_cache': False, 'cmake_clean_first': False, 'cmake_force_configure': False, 'cmake_target': None, 'cmake_target_skip_unavailable': False, 'install_base': '/home/sensors_ws/install/mpu6050driver', 'merge_install': False, 'path': '/home/sensors_ws/src/ros2_mpu6050_driver', 'symlink_install': False, 'test_result_base': None}
[0.901s] INFO:colcon.colcon_core.executor:Executing jobs using 'parallel' executor
[0.928s] DEBUG:colcon.colcon_parallel_executor.executor.parallel:run_until_complete
[0.929s] INFO:colcon.colcon_ros.task.ament_cmake.build:Building ROS package in '/home/sensors_ws/src/ros2_mpu6050_driver' with build type 'ament_cmake'
[0.929s] INFO:colcon.colcon_cmake.task.cmake.build:Building CMake package in '/home/sensors_ws/src/ros2_mpu6050_driver'
[0.954s] INFO:colcon.colcon_core.plugin_system:Skipping extension 'colcon_core.shell.bat': Not used on non-Windows systems
[0.955s] INFO:colcon.colcon_core.shell:Skip shell extension 'powershell' for command environment: Not usable outside of PowerShell
[0.955s] DEBUG:colcon.colcon_core.shell:Skip shell extension 'dsv' for command environment
[1.033s] DEBUG:colcon.colcon_core.event_handler.log_command:Invoking command in '/home/sensors_ws/build/mpu6050driver': /usr/local/bin/cmake --build /home/sensors_ws/build/mpu6050driver -- -j8 -l8
[21.816s] DEBUG:colcon.colcon_core.event_handler.log_command:Invoked command in '/home/sensors_ws/build/mpu6050driver' returned '2': /usr/local/bin/cmake --build /home/sensors_ws/build/mpu6050driver -- -j8 -l8
[22.054s] Level 1:colcon.colcon_core.environment:create_environment_scripts_only(mpu6050driver)
[22.089s] Level 1:colcon.colcon_core.environment:checking '/home/sensors_ws/install/mpu6050driver' for CMake module files
[22.092s] Level 1:colcon.colcon_core.environment:checking '/home/sensors_ws/install/mpu6050driver' for CMake config files
[22.093s] Level 1:colcon.colcon_core.shell:create_environment_hook('mpu6050driver', 'cmake_prefix_path')
[22.103s] INFO:colcon.colcon_core.shell:Creating environment hook '/home/sensors_ws/install/mpu6050driver/share/mpu6050driver/hook/cmake_prefix_path.ps1'
[22.107s] INFO:colcon.colcon_core.shell:Creating environment descriptor '/home/sensors_ws/install/mpu6050driver/share/mpu6050driver/hook/cmake_prefix_path.dsv'
[22.109s] INFO:colcon.colcon_core.shell:Creating environment hook '/home/sensors_ws/install/mpu6050driver/share/mpu6050driver/hook/cmake_prefix_path.sh'
[22.113s] Level 1:colcon.colcon_core.environment:checking '/home/sensors_ws/install/mpu6050driver/lib'
[22.114s] Level 1:colcon.colcon_core.environment:checking '/home/sensors_ws/install/mpu6050driver/bin'
[22.115s] Level 1:colcon.colcon_core.environment:checking '/home/sensors_ws/install/mpu6050driver/lib/pkgconfig/mpu6050driver.pc'
[22.118s] Level 1:colcon.colcon_core.environment:checking '/home/sensors_ws/install/mpu6050driver/lib/python3.8/site-packages'
[22.119s] Level 1:colcon.colcon_core.environment:checking '/home/sensors_ws/install/mpu6050driver/bin'
[22.129s] INFO:colcon.colcon_core.shell:Creating package script '/home/sensors_ws/install/mpu6050driver/share/mpu6050driver/package.ps1'
[22.133s] INFO:colcon.colcon_core.shell:Creating package descriptor '/home/sensors_ws/install/mpu6050driver/share/mpu6050driver/package.dsv'
[22.135s] INFO:colcon.colcon_core.shell:Creating package script '/home/sensors_ws/install/mpu6050driver/share/mpu6050driver/package.sh'
[22.138s] INFO:colcon.colcon_core.shell:Creating package script '/home/sensors_ws/install/mpu6050driver/share/mpu6050driver/package.bash'
[22.142s] INFO:colcon.colcon_core.shell:Creating package script '/home/sensors_ws/install/mpu6050driver/share/mpu6050driver/package.zsh'
[22.145s] Level 1:colcon.colcon_core.environment:create_file_with_runtime_dependencies(/home/sensors_ws/install/mpu6050driver/share/colcon-core/packages/mpu6050driver)
[22.158s] DEBUG:colcon.colcon_parallel_executor.executor.parallel:closing loop
[22.158s] DEBUG:colcon.colcon_parallel_executor.executor.parallel:loop closed
[22.159s] DEBUG:colcon.colcon_parallel_executor.executor.parallel:run_until_complete finished with '2'
[22.160s] DEBUG:colcon.colcon_core.event_reactor:joining thread
[22.195s] INFO:colcon.colcon_core.plugin_system:Skipping extension 'colcon_notification.desktop_notification.notify_send': Could not find 'notify-send'
[22.195s] INFO:colcon.colcon_core.plugin_system:Skipping extension 'colcon_notification.desktop_notification.terminal_notifier': Not used on non-Darwin systems
[22.195s] INFO:colcon.colcon_core.plugin_system:Skipping extension 'colcon_notification.desktop_notification.win32': Not used on non-Windows systems
[22.196s] INFO:colcon.colcon_notification.desktop_notification:Sending desktop notification using 'notify2'
[22.234s] DEBUG:colcon.colcon_notification.desktop_notification.notify2:Failed to initialize notify2: org.freedesktop.DBus.Error.ServiceUnknown: The name org.freedesktop.Notifications was not provided by any .service files
[22.235s] DEBUG:colcon.colcon_core.event_reactor:joined thread
[22.251s] INFO:colcon.colcon_core.shell:Creating prefix script '/home/sensors_ws/install/local_setup.ps1'
[22.256s] INFO:colcon.colcon_core.shell:Creating prefix util module '/home/sensors_ws/install/_local_setup_util_ps1.py'
[22.260s] INFO:colcon.colcon_core.shell:Creating prefix chain script '/home/sensors_ws/install/setup.ps1'
[22.267s] INFO:colcon.colcon_core.shell:Creating prefix script '/home/sensors_ws/install/local_setup.sh'
[22.269s] INFO:colcon.colcon_core.shell:Creating prefix util module '/home/sensors_ws/install/_local_setup_util_sh.py'
[22.271s] INFO:colcon.colcon_core.shell:Creating prefix chain script '/home/sensors_ws/install/setup.sh'
[22.278s] INFO:colcon.colcon_core.shell:Creating prefix script '/home/sensors_ws/install/local_setup.bash'
[22.279s] INFO:colcon.colcon_core.shell:Creating prefix chain script '/home/sensors_ws/install/setup.bash'
[22.285s] INFO:colcon.colcon_core.shell:Creating prefix script '/home/sensors_ws/install/local_setup.zsh'
[22.287s] INFO:colcon.colcon_core.shell:Creating prefix chain script '/home/sensors_ws/install/setup.zsh'
