-- The C compiler identification is GNU 9.4.0
-- The CXX compiler identification is GNU 9.4.0
-- Detecting C compiler ABI info
-- Detecting C compiler ABI info - done
-- Check for working C compiler: /usr/bin/cc - skipped
-- Detecting C compile features
-- Detecting C compile features - done
-- Detecting CXX compiler ABI info
-- Detecting CXX compiler ABI info - done
-- Check for working CXX compiler: /usr/bin/c++ - skipped
-- Detecting CXX compile features
-- Detecting CXX compile features - done
-- Found ament_cmake: 1.3.2 (/opt/ros/humble/install/share/ament_cmake/cmake)
-- Found Python3: /usr/bin/python3.8 (found version "3.8.10") found components: Interpreter 
-- Found rclcpp: 16.0.1 (/opt/ros/humble/install/share/rclcpp/cmake)
-- Found rosidl_generator_c: 3.1.3 (/opt/ros/humble/install/share/rosidl_generator_c/cmake)
-- Found rosidl_adapter: 3.1.3 (/opt/ros/humble/install/share/rosidl_adapter/cmake)
-- Found rosidl_generator_cpp: 3.1.3 (/opt/ros/humble/install/share/rosidl_generator_cpp/cmake)
-- Using all available rosidl_typesupport_c: rosidl_typesupport_fastrtps_c;rosidl_typesupport_introspection_c
-- Using all available rosidl_typesupport_cpp: rosidl_typesupport_fastrtps_cpp;rosidl_typesupport_introspection_cpp
-- Found rmw_implementation_cmake: 6.1.0 (/opt/ros/humble/install/share/rmw_implementation_cmake/cmake)
-- Found rmw_cyclonedds_cpp: 1.3.3 (/opt/ros/humble/install/share/rmw_cyclonedds_cpp/cmake)
-- Using RMW implementation 'rmw_cyclonedds_cpp' as default
-- Found sensor_msgs: 4.2.2 (/opt/ros/humble/install/share/sensor_msgs/cmake)
-- Configuring done
-- Generating done
-- Build files have been written to: /home/sensors_ws/build/mpu6050driver
[ 66%] [32mBuilding CXX object CMakeFiles/mpu6050driver.dir/src/mpu6050driver.cpp.o[0m
[ 66%] [32mBuilding CXX object CMakeFiles/mpu6050driver.dir/src/mpu6050sensor.cpp.o[0m
[100%] [32m[1mLinking CXX executable mpu6050driver[0m
[100%] Built target mpu6050driver
-- Install configuration: ""
-- Installing: /home/sensors_ws/install/mpu6050driver/lib/mpu6050driver/mpu6050driver
-- Set runtime path of "/home/sensors_ws/install/mpu6050driver/lib/mpu6050driver/mpu6050driver" to ""
-- Installing: /home/sensors_ws/install/mpu6050driver/share/mpu6050driver//launch
-- Installing: /home/sensors_ws/install/mpu6050driver/share/mpu6050driver//launch/mpu6050driver_launch.py
-- Installing: /home/sensors_ws/install/mpu6050driver/share/mpu6050driver//params
-- Installing: /home/sensors_ws/install/mpu6050driver/share/mpu6050driver//params/mpu6050.yaml
-- Installing: /home/sensors_ws/install/mpu6050driver/share/ament_index/resource_index/package_run_dependencies/mpu6050driver
-- Installing: /home/sensors_ws/install/mpu6050driver/share/ament_index/resource_index/parent_prefix_path/mpu6050driver
-- Installing: /home/sensors_ws/install/mpu6050driver/share/mpu6050driver/environment/ament_prefix_path.sh
-- Installing: /home/sensors_ws/install/mpu6050driver/share/mpu6050driver/environment/ament_prefix_path.dsv
-- Installing: /home/sensors_ws/install/mpu6050driver/share/mpu6050driver/environment/path.sh
-- Installing: /home/sensors_ws/install/mpu6050driver/share/mpu6050driver/environment/path.dsv
-- Installing: /home/sensors_ws/install/mpu6050driver/share/mpu6050driver/local_setup.bash
-- Installing: /home/sensors_ws/install/mpu6050driver/share/mpu6050driver/local_setup.sh
-- Installing: /home/sensors_ws/install/mpu6050driver/share/mpu6050driver/local_setup.zsh
-- Installing: /home/sensors_ws/install/mpu6050driver/share/mpu6050driver/local_setup.dsv
-- Installing: /home/sensors_ws/install/mpu6050driver/share/mpu6050driver/package.dsv
-- Installing: /home/sensors_ws/install/mpu6050driver/share/ament_index/resource_index/packages/mpu6050driver
-- Installing: /home/sensors_ws/install/mpu6050driver/share/mpu6050driver/cmake/mpu6050driverConfig.cmake
-- Installing: /home/sensors_ws/install/mpu6050driver/share/mpu6050driver/cmake/mpu6050driverConfig-version.cmake
-- Installing: /home/sensors_ws/install/mpu6050driver/share/mpu6050driver/package.xml
