[0.096s] Invoking command in '/home/sensors_ws/build/mpu6050driver': /usr/local/bin/cmake /home/sensors_ws/src/ros2_mpu6050_driver -DCMAKE_INSTALL_PREFIX=/home/sensors_ws/install/mpu6050driver
[0.636s] -- The C compiler identification is GNU 9.4.0
[0.983s] -- The CXX compiler identification is GNU 9.4.0
[1.028s] -- Detecting C compiler ABI info
[1.291s] -- Detecting C compiler ABI info - done
[1.352s] -- Check for working C compiler: /usr/bin/cc - skipped
[1.354s] -- Detecting C compile features
[1.356s] -- Detecting C compile features - done
[1.373s] -- Detecting CXX compiler ABI info
[1.661s] -- Detecting CXX compiler ABI info - done
[1.718s] -- Check for working CXX compiler: /usr/bin/c++ - skipped
[1.719s] -- Detecting CXX compile features
[1.721s] -- Detecting CXX compile features - done
[1.733s] -- Found ament_cmake: 1.3.2 (/opt/ros/humble/install/share/ament_cmake/cmake)
[2.575s] -- Found Python3: /usr/bin/python3.8 (found version "3.8.10") found components: Interpreter 
[2.913s] -- Found rclcpp: 16.0.1 (/opt/ros/humble/install/share/rclcpp/cmake)
[3.145s] -- Found rosidl_generator_c: 3.1.3 (/opt/ros/humble/install/share/rosidl_generator_c/cmake)
[3.169s] -- Found rosidl_adapter: 3.1.3 (/opt/ros/humble/install/share/rosidl_adapter/cmake)
[3.211s] -- Found rosidl_generator_cpp: 3.1.3 (/opt/ros/humble/install/share/rosidl_generator_cpp/cmake)
[3.287s] -- Using all available rosidl_typesupport_c: rosidl_typesupport_fastrtps_c;rosidl_typesupport_introspection_c
[3.383s] -- Using all available rosidl_typesupport_cpp: rosidl_typesupport_fastrtps_cpp;rosidl_typesupport_introspection_cpp
[3.663s] -- Found rmw_implementation_cmake: 6.1.0 (/opt/ros/humble/install/share/rmw_implementation_cmake/cmake)
[3.673s] -- Found rmw_cyclonedds_cpp: 1.3.3 (/opt/ros/humble/install/share/rmw_cyclonedds_cpp/cmake)
[3.777s] -- Using RMW implementation 'rmw_cyclonedds_cpp' as default
[4.339s] -- Found sensor_msgs: 4.2.2 (/opt/ros/humble/install/share/sensor_msgs/cmake)
[5.028s] -- Configuring done
[5.082s] -- Generating done
[5.089s] -- Build files have been written to: /home/sensors_ws/build/mpu6050driver
[5.127s] Invoked command in '/home/sensors_ws/build/mpu6050driver' returned '0': /usr/local/bin/cmake /home/sensors_ws/src/ros2_mpu6050_driver -DCMAKE_INSTALL_PREFIX=/home/sensors_ws/install/mpu6050driver
[5.153s] Invoking command in '/home/sensors_ws/build/mpu6050driver': /usr/local/bin/cmake --build /home/sensors_ws/build/mpu6050driver -- -j8 -l8
[5.365s] [ 66%] [32mBuilding CXX object CMakeFiles/mpu6050driver.dir/src/mpu6050driver.cpp.o[0m
[5.366s] [ 66%] [32mBuilding CXX object CMakeFiles/mpu6050driver.dir/src/mpu6050sensor.cpp.o[0m
[21.699s] [100%] [32m[1mLinking CXX executable mpu6050driver[0m
[22.532s] [100%] Built target mpu6050driver
[22.566s] Invoked command in '/home/sensors_ws/build/mpu6050driver' returned '0': /usr/local/bin/cmake --build /home/sensors_ws/build/mpu6050driver -- -j8 -l8
[22.922s] Invoking command in '/home/sensors_ws/build/mpu6050driver': /usr/local/bin/cmake --install /home/sensors_ws/build/mpu6050driver
[23.033s] -- Install configuration: ""
[23.034s] -- Installing: /home/sensors_ws/install/mpu6050driver/lib/mpu6050driver/mpu6050driver
[23.043s] -- Set runtime path of "/home/sensors_ws/install/mpu6050driver/lib/mpu6050driver/mpu6050driver" to ""
[23.043s] -- Installing: /home/sensors_ws/install/mpu6050driver/share/mpu6050driver//launch
[23.044s] -- Installing: /home/sensors_ws/install/mpu6050driver/share/mpu6050driver//launch/mpu6050driver_launch.py
[23.044s] -- Installing: /home/sensors_ws/install/mpu6050driver/share/mpu6050driver//params
[23.045s] -- Installing: /home/sensors_ws/install/mpu6050driver/share/mpu6050driver//params/mpu6050.yaml
[23.046s] -- Installing: /home/sensors_ws/install/mpu6050driver/share/ament_index/resource_index/package_run_dependencies/mpu6050driver
[23.047s] -- Installing: /home/sensors_ws/install/mpu6050driver/share/ament_index/resource_index/parent_prefix_path/mpu6050driver
[23.048s] -- Installing: /home/sensors_ws/install/mpu6050driver/share/mpu6050driver/environment/ament_prefix_path.sh
[23.049s] -- Installing: /home/sensors_ws/install/mpu6050driver/share/mpu6050driver/environment/ament_prefix_path.dsv
[23.049s] -- Installing: /home/sensors_ws/install/mpu6050driver/share/mpu6050driver/environment/path.sh
[23.050s] -- Installing: /home/sensors_ws/install/mpu6050driver/share/mpu6050driver/environment/path.dsv
[23.051s] -- Installing: /home/sensors_ws/install/mpu6050driver/share/mpu6050driver/local_setup.bash
[23.052s] -- Installing: /home/sensors_ws/install/mpu6050driver/share/mpu6050driver/local_setup.sh
[23.053s] -- Installing: /home/sensors_ws/install/mpu6050driver/share/mpu6050driver/local_setup.zsh
[23.053s] -- Installing: /home/sensors_ws/install/mpu6050driver/share/mpu6050driver/local_setup.dsv
[23.054s] -- Installing: /home/sensors_ws/install/mpu6050driver/share/mpu6050driver/package.dsv
[23.055s] -- Installing: /home/sensors_ws/install/mpu6050driver/share/ament_index/resource_index/packages/mpu6050driver
[23.056s] -- Installing: /home/sensors_ws/install/mpu6050driver/share/mpu6050driver/cmake/mpu6050driverConfig.cmake
[23.057s] -- Installing: /home/sensors_ws/install/mpu6050driver/share/mpu6050driver/cmake/mpu6050driverConfig-version.cmake
[23.057s] -- Installing: /home/sensors_ws/install/mpu6050driver/share/mpu6050driver/package.xml
[23.087s] Invoked command in '/home/sensors_ws/build/mpu6050driver' returned '0': /usr/local/bin/cmake --install /home/sensors_ws/build/mpu6050driver
