[0.548s] DEBUG:colcon:Command line arguments: ['/usr/bin/colcon', 'build']
[0.548s] DEBUG:colcon:Parsed command line arguments: Namespace(ament_cmake_args=None, base_paths=['.'], build_base='build', catkin_cmake_args=None, catkin_skip_building_tests=False, cmake_args=None, cmake_clean_cache=False, cmake_clean_first=False, cmake_force_configure=False, cmake_target=None, cmake_target_skip_unavailable=False, continue_on_error=False, event_handlers=None, executor='parallel', ignore_user_meta=False, install_base='install', log_base=None, log_level=None, main=<bound method BuildVerb.main of <colcon_core.verb.build.BuildVerb object at 0xffffad2d60a0>>, merge_install=False, metas=['./colcon.meta'], packages_above=None, packages_above_and_dependencies=None, packages_above_depth=None, packages_end=None, packages_ignore=None, packages_ignore_regex=None, packages_select=None, packages_select_build_failed=False, packages_select_by_dep=None, packages_select_regex=None, packages_select_test_failures=False, packages_skip=None, packages_skip_build_finished=False, packages_skip_by_dep=None, packages_skip_regex=None, packages_skip_test_passed=False, packages_skip_up_to=None, packages_start=None, packages_up_to=None, packages_up_to_regex=None, parallel_workers=8, paths=None, symlink_install=False, test_result_base=None, verb_extension=<colcon_core.verb.build.BuildVerb object at 0xffffad2d60a0>, verb_name='build', verb_parser=<colcon_defaults.argument_parser.defaults.DefaultArgumentsDecorator object at 0xffffad2d6550>)
[0.644s] Level 1:colcon.colcon_core.package_discovery:discover_packages(colcon_meta) check parameters
[0.645s] Level 1:colcon.colcon_core.package_discovery:discover_packages(recursive) check parameters
[0.645s] Level 1:colcon.colcon_core.package_discovery:discover_packages(ignore) check parameters
[0.645s] Level 1:colcon.colcon_core.package_discovery:discover_packages(path) check parameters
[0.645s] Level 1:colcon.colcon_core.package_discovery:discover_packages(colcon_meta) discover
[0.645s] Level 1:colcon.colcon_core.package_discovery:discover_packages(recursive) discover
[0.646s] INFO:colcon.colcon_core.package_discovery:Crawling recursively for packages in '/home/sensors_ws'
[0.646s] Level 1:colcon.colcon_core.package_identification:_identify(.) by extensions ['ignore', 'ignore_ament_install']
[0.647s] Level 1:colcon.colcon_core.package_identification:_identify(.) by extension 'ignore'
[0.647s] Level 1:colcon.colcon_core.package_identification:_identify(.) by extension 'ignore_ament_install'
[0.647s] Level 1:colcon.colcon_core.package_identification:_identify(.) by extensions ['colcon_pkg']
[0.647s] Level 1:colcon.colcon_core.package_identification:_identify(.) by extension 'colcon_pkg'
[0.647s] Level 1:colcon.colcon_core.package_identification:_identify(.) by extensions ['colcon_meta']
[0.647s] Level 1:colcon.colcon_core.package_identification:_identify(.) by extension 'colcon_meta'
[0.648s] Level 1:colcon.colcon_core.package_identification:_identify(.) by extensions ['ros']
[0.648s] Level 1:colcon.colcon_core.package_identification:_identify(.) by extension 'ros'
[0.750s] Level 1:colcon.colcon_core.package_identification:_identify(.) by extensions ['cmake', 'python']
[0.750s] Level 1:colcon.colcon_core.package_identification:_identify(.) by extension 'cmake'
[0.751s] Level 1:colcon.colcon_core.package_identification:_identify(.) by extension 'python'
[0.751s] Level 1:colcon.colcon_core.package_identification:_identify(.) by extensions ['python_setup_py']
[0.751s] Level 1:colcon.colcon_core.package_identification:_identify(.) by extension 'python_setup_py'
[0.751s] Level 1:colcon.colcon_core.package_identification:_identify(build) by extensions ['ignore', 'ignore_ament_install']
[0.752s] Level 1:colcon.colcon_core.package_identification:_identify(build) by extension 'ignore'
[0.752s] Level 1:colcon.colcon_core.package_identification:_identify(build) ignored
[0.752s] Level 1:colcon.colcon_core.package_identification:_identify(install) by extensions ['ignore', 'ignore_ament_install']
[0.753s] Level 1:colcon.colcon_core.package_identification:_identify(install) by extension 'ignore'
[0.753s] Level 1:colcon.colcon_core.package_identification:_identify(install) ignored
[0.753s] Level 1:colcon.colcon_core.package_identification:_identify(log) by extensions ['ignore', 'ignore_ament_install']
[0.754s] Level 1:colcon.colcon_core.package_identification:_identify(log) by extension 'ignore'
[0.754s] Level 1:colcon.colcon_core.package_identification:_identify(log) ignored
[0.754s] Level 1:colcon.colcon_core.package_identification:_identify(src) by extensions ['ignore', 'ignore_ament_install']
[0.754s] Level 1:colcon.colcon_core.package_identification:_identify(src) by extension 'ignore'
[0.755s] Level 1:colcon.colcon_core.package_identification:_identify(src) by extension 'ignore_ament_install'
[0.755s] Level 1:colcon.colcon_core.package_identification:_identify(src) by extensions ['colcon_pkg']
[0.755s] Level 1:colcon.colcon_core.package_identification:_identify(src) by extension 'colcon_pkg'
[0.755s] Level 1:colcon.colcon_core.package_identification:_identify(src) by extensions ['colcon_meta']
[0.755s] Level 1:colcon.colcon_core.package_identification:_identify(src) by extension 'colcon_meta'
[0.755s] Level 1:colcon.colcon_core.package_identification:_identify(src) by extensions ['ros']
[0.756s] Level 1:colcon.colcon_core.package_identification:_identify(src) by extension 'ros'
[0.756s] Level 1:colcon.colcon_core.package_identification:_identify(src) by extensions ['cmake', 'python']
[0.756s] Level 1:colcon.colcon_core.package_identification:_identify(src) by extension 'cmake'
[0.756s] Level 1:colcon.colcon_core.package_identification:_identify(src) by extension 'python'
[0.756s] Level 1:colcon.colcon_core.package_identification:_identify(src) by extensions ['python_setup_py']
[0.756s] Level 1:colcon.colcon_core.package_identification:_identify(src) by extension 'python_setup_py'
[0.757s] Level 1:colcon.colcon_core.package_identification:_identify(src/ros2_mpu6050_driver) by extensions ['ignore', 'ignore_ament_install']
[0.757s] Level 1:colcon.colcon_core.package_identification:_identify(src/ros2_mpu6050_driver) by extension 'ignore'
[0.757s] Level 1:colcon.colcon_core.package_identification:_identify(src/ros2_mpu6050_driver) by extension 'ignore_ament_install'
[0.758s] Level 1:colcon.colcon_core.package_identification:_identify(src/ros2_mpu6050_driver) by extensions ['colcon_pkg']
[0.758s] Level 1:colcon.colcon_core.package_identification:_identify(src/ros2_mpu6050_driver) by extension 'colcon_pkg'
[0.758s] Level 1:colcon.colcon_core.package_identification:_identify(src/ros2_mpu6050_driver) by extensions ['colcon_meta']
[0.758s] Level 1:colcon.colcon_core.package_identification:_identify(src/ros2_mpu6050_driver) by extension 'colcon_meta'
[0.758s] Level 1:colcon.colcon_core.package_identification:_identify(src/ros2_mpu6050_driver) by extensions ['ros']
[0.758s] Level 1:colcon.colcon_core.package_identification:_identify(src/ros2_mpu6050_driver) by extension 'ros'
[0.766s] DEBUG:colcon.colcon_core.package_identification:Package 'src/ros2_mpu6050_driver' with type 'ros.ament_cmake' and name 'mpu6050driver'
[0.766s] Level 1:colcon.colcon_core.package_discovery:discover_packages(recursive) using defaults
[0.766s] Level 1:colcon.colcon_core.package_discovery:discover_packages(ignore) discover
[0.767s] Level 1:colcon.colcon_core.package_discovery:discover_packages(ignore) using defaults
[0.767s] Level 1:colcon.colcon_core.package_discovery:discover_packages(path) discover
[0.767s] Level 1:colcon.colcon_core.package_discovery:discover_packages(path) using defaults
[0.848s] Level 5:colcon.colcon_core.verb:set package 'mpu6050driver' build argument 'cmake_args' from command line to 'None'
[0.849s] Level 5:colcon.colcon_core.verb:set package 'mpu6050driver' build argument 'cmake_target' from command line to 'None'
[0.849s] Level 5:colcon.colcon_core.verb:set package 'mpu6050driver' build argument 'cmake_target_skip_unavailable' from command line to 'False'
[0.849s] Level 5:colcon.colcon_core.verb:set package 'mpu6050driver' build argument 'cmake_clean_cache' from command line to 'False'
[0.849s] Level 5:colcon.colcon_core.verb:set package 'mpu6050driver' build argument 'cmake_clean_first' from command line to 'False'
[0.849s] Level 5:colcon.colcon_core.verb:set package 'mpu6050driver' build argument 'cmake_force_configure' from command line to 'False'
[0.849s] Level 5:colcon.colcon_core.verb:set package 'mpu6050driver' build argument 'ament_cmake_args' from command line to 'None'
[0.849s] Level 5:colcon.colcon_core.verb:set package 'mpu6050driver' build argument 'catkin_cmake_args' from command line to 'None'
[0.849s] Level 5:colcon.colcon_core.verb:set package 'mpu6050driver' build argument 'catkin_skip_building_tests' from command line to 'False'
[0.850s] DEBUG:colcon.colcon_core.verb:Building package 'mpu6050driver' with the following arguments: {'ament_cmake_args': None, 'build_base': '/home/sensors_ws/build/mpu6050driver', 'catkin_cmake_args': None, 'catkin_skip_building_tests': False, 'cmake_args': None, 'cmake_clean_cache': False, 'cmake_clean_first': False, 'cmake_force_configure': False, 'cmake_target': None, 'cmake_target_skip_unavailable': False, 'install_base': '/home/sensors_ws/install/mpu6050driver', 'merge_install': False, 'path': '/home/sensors_ws/src/ros2_mpu6050_driver', 'symlink_install': False, 'test_result_base': None}
[0.854s] INFO:colcon.colcon_core.executor:Executing jobs using 'parallel' executor
[0.880s] DEBUG:colcon.colcon_parallel_executor.executor.parallel:run_until_complete
[0.881s] INFO:colcon.colcon_ros.task.ament_cmake.build:Building ROS package in '/home/sensors_ws/src/ros2_mpu6050_driver' with build type 'ament_cmake'
[0.881s] INFO:colcon.colcon_cmake.task.cmake.build:Building CMake package in '/home/sensors_ws/src/ros2_mpu6050_driver'
[0.905s] INFO:colcon.colcon_core.plugin_system:Skipping extension 'colcon_core.shell.bat': Not used on non-Windows systems
[0.906s] INFO:colcon.colcon_core.shell:Skip shell extension 'powershell' for command environment: Not usable outside of PowerShell
[0.906s] DEBUG:colcon.colcon_core.shell:Skip shell extension 'dsv' for command environment
[0.994s] DEBUG:colcon.colcon_core.event_handler.log_command:Invoking command in '/home/sensors_ws/build/mpu6050driver': /usr/local/bin/cmake --build /home/sensors_ws/build/mpu6050driver -- -j8 -l8
[30.493s] DEBUG:colcon.colcon_core.event_handler.log_command:Invoked command in '/home/sensors_ws/build/mpu6050driver' returned '0': /usr/local/bin/cmake --build /home/sensors_ws/build/mpu6050driver -- -j8 -l8
[30.872s] DEBUG:colcon.colcon_core.event_handler.log_command:Invoking command in '/home/sensors_ws/build/mpu6050driver': /usr/local/bin/cmake --install /home/sensors_ws/build/mpu6050driver
[31.054s] Level 1:colcon.colcon_core.environment:create_environment_scripts_only(mpu6050driver)
[31.067s] DEBUG:colcon.colcon_core.event_handler.log_command:Invoked command in '/home/sensors_ws/build/mpu6050driver' returned '0': /usr/local/bin/cmake --install /home/sensors_ws/build/mpu6050driver
[31.090s] Level 1:colcon.colcon_core.environment:checking '/home/sensors_ws/install/mpu6050driver' for CMake module files
[31.092s] Level 1:colcon.colcon_core.environment:checking '/home/sensors_ws/install/mpu6050driver' for CMake config files
[31.094s] Level 1:colcon.colcon_core.shell:create_environment_hook('mpu6050driver', 'cmake_prefix_path')
[31.103s] INFO:colcon.colcon_core.shell:Creating environment hook '/home/sensors_ws/install/mpu6050driver/share/mpu6050driver/hook/cmake_prefix_path.ps1'
[31.107s] INFO:colcon.colcon_core.shell:Creating environment descriptor '/home/sensors_ws/install/mpu6050driver/share/mpu6050driver/hook/cmake_prefix_path.dsv'
[31.109s] INFO:colcon.colcon_core.shell:Creating environment hook '/home/sensors_ws/install/mpu6050driver/share/mpu6050driver/hook/cmake_prefix_path.sh'
[31.112s] Level 1:colcon.colcon_core.environment:checking '/home/sensors_ws/install/mpu6050driver/lib'
[31.113s] Level 1:colcon.colcon_core.environment:checking '/home/sensors_ws/install/mpu6050driver/bin'
[31.114s] Level 1:colcon.colcon_core.environment:checking '/home/sensors_ws/install/mpu6050driver/lib/pkgconfig/mpu6050driver.pc'
[31.117s] Level 1:colcon.colcon_core.environment:checking '/home/sensors_ws/install/mpu6050driver/lib/python3.8/site-packages'
[31.117s] Level 1:colcon.colcon_core.environment:checking '/home/sensors_ws/install/mpu6050driver/bin'
[31.127s] INFO:colcon.colcon_core.shell:Creating package script '/home/sensors_ws/install/mpu6050driver/share/mpu6050driver/package.ps1'
[31.130s] INFO:colcon.colcon_core.shell:Creating package descriptor '/home/sensors_ws/install/mpu6050driver/share/mpu6050driver/package.dsv'
[31.132s] INFO:colcon.colcon_core.shell:Creating package script '/home/sensors_ws/install/mpu6050driver/share/mpu6050driver/package.sh'
[31.134s] INFO:colcon.colcon_core.shell:Creating package script '/home/sensors_ws/install/mpu6050driver/share/mpu6050driver/package.bash'
[31.137s] INFO:colcon.colcon_core.shell:Creating package script '/home/sensors_ws/install/mpu6050driver/share/mpu6050driver/package.zsh'
[31.139s] Level 1:colcon.colcon_core.environment:create_file_with_runtime_dependencies(/home/sensors_ws/install/mpu6050driver/share/colcon-core/packages/mpu6050driver)
[31.365s] Level 1:colcon.colcon_core.environment:create_environment_scripts_only(mpu6050driver)
[31.379s] Level 1:colcon.colcon_core.environment:checking '/home/sensors_ws/install/mpu6050driver' for CMake module files
[31.382s] Level 1:colcon.colcon_core.environment:checking '/home/sensors_ws/install/mpu6050driver' for CMake config files
[31.383s] Level 1:colcon.colcon_core.shell:create_environment_hook('mpu6050driver', 'cmake_prefix_path')
[31.392s] INFO:colcon.colcon_core.shell:Creating environment hook '/home/sensors_ws/install/mpu6050driver/share/mpu6050driver/hook/cmake_prefix_path.ps1'
[31.396s] INFO:colcon.colcon_core.shell:Creating environment descriptor '/home/sensors_ws/install/mpu6050driver/share/mpu6050driver/hook/cmake_prefix_path.dsv'
[31.398s] INFO:colcon.colcon_core.shell:Creating environment hook '/home/sensors_ws/install/mpu6050driver/share/mpu6050driver/hook/cmake_prefix_path.sh'
[31.401s] Level 1:colcon.colcon_core.environment:checking '/home/sensors_ws/install/mpu6050driver/lib'
[31.401s] Level 1:colcon.colcon_core.environment:checking '/home/sensors_ws/install/mpu6050driver/bin'
[31.402s] Level 1:colcon.colcon_core.environment:checking '/home/sensors_ws/install/mpu6050driver/lib/pkgconfig/mpu6050driver.pc'
[31.403s] Level 1:colcon.colcon_core.environment:checking '/home/sensors_ws/install/mpu6050driver/lib/python3.8/site-packages'
[31.403s] Level 1:colcon.colcon_core.environment:checking '/home/sensors_ws/install/mpu6050driver/bin'
[31.413s] INFO:colcon.colcon_core.shell:Creating package script '/home/sensors_ws/install/mpu6050driver/share/mpu6050driver/package.ps1'
[31.415s] INFO:colcon.colcon_core.shell:Creating package descriptor '/home/sensors_ws/install/mpu6050driver/share/mpu6050driver/package.dsv'
[31.418s] INFO:colcon.colcon_core.shell:Creating package script '/home/sensors_ws/install/mpu6050driver/share/mpu6050driver/package.sh'
[31.420s] INFO:colcon.colcon_core.shell:Creating package script '/home/sensors_ws/install/mpu6050driver/share/mpu6050driver/package.bash'
[31.422s] INFO:colcon.colcon_core.shell:Creating package script '/home/sensors_ws/install/mpu6050driver/share/mpu6050driver/package.zsh'
[31.424s] Level 1:colcon.colcon_core.environment:create_file_with_runtime_dependencies(/home/sensors_ws/install/mpu6050driver/share/colcon-core/packages/mpu6050driver)
[31.425s] DEBUG:colcon.colcon_parallel_executor.executor.parallel:closing loop
[31.426s] DEBUG:colcon.colcon_parallel_executor.executor.parallel:loop closed
[31.427s] DEBUG:colcon.colcon_parallel_executor.executor.parallel:run_until_complete finished with '0'
[31.430s] DEBUG:colcon.colcon_core.event_reactor:joining thread
[31.464s] INFO:colcon.colcon_core.plugin_system:Skipping extension 'colcon_notification.desktop_notification.notify_send': Could not find 'notify-send'
[31.465s] INFO:colcon.colcon_core.plugin_system:Skipping extension 'colcon_notification.desktop_notification.terminal_notifier': Not used on non-Darwin systems
[31.465s] INFO:colcon.colcon_core.plugin_system:Skipping extension 'colcon_notification.desktop_notification.win32': Not used on non-Windows systems
[31.465s] INFO:colcon.colcon_notification.desktop_notification:Sending desktop notification using 'notify2'
[31.485s] DEBUG:colcon.colcon_notification.desktop_notification.notify2:Failed to initialize notify2: org.freedesktop.DBus.Error.ServiceUnknown: The name org.freedesktop.Notifications was not provided by any .service files
[31.488s] DEBUG:colcon.colcon_core.event_reactor:joined thread
[31.503s] INFO:colcon.colcon_core.shell:Creating prefix script '/home/sensors_ws/install/local_setup.ps1'
[31.509s] INFO:colcon.colcon_core.shell:Creating prefix util module '/home/sensors_ws/install/_local_setup_util_ps1.py'
[31.514s] INFO:colcon.colcon_core.shell:Creating prefix chain script '/home/sensors_ws/install/setup.ps1'
[31.520s] INFO:colcon.colcon_core.shell:Creating prefix script '/home/sensors_ws/install/local_setup.sh'
[31.523s] INFO:colcon.colcon_core.shell:Creating prefix util module '/home/sensors_ws/install/_local_setup_util_sh.py'
[31.525s] INFO:colcon.colcon_core.shell:Creating prefix chain script '/home/sensors_ws/install/setup.sh'
[31.531s] INFO:colcon.colcon_core.shell:Creating prefix script '/home/sensors_ws/install/local_setup.bash'
[31.533s] INFO:colcon.colcon_core.shell:Creating prefix chain script '/home/sensors_ws/install/setup.bash'
[31.538s] INFO:colcon.colcon_core.shell:Creating prefix script '/home/sensors_ws/install/local_setup.zsh'
[31.540s] INFO:colcon.colcon_core.shell:Creating prefix chain script '/home/sensors_ws/install/setup.zsh'
