[0.104s] Invoking command in '/home/sensors_ws/build/mpu6050driver': /usr/local/bin/cmake --build /home/sensors_ws/build/mpu6050driver -- -j8 -l8
[0.303s] [35m[1mConsolidate compiler generated dependencies of target mpu6050driver[0m
[0.375s] [100%] Built target mpu6050driver
[0.413s] Invoked command in '/home/sensors_ws/build/mpu6050driver' returned '0': /usr/local/bin/cmake --build /home/sensors_ws/build/mpu6050driver -- -j8 -l8
[0.792s] Invoking command in '/home/sensors_ws/build/mpu6050driver': /usr/local/bin/cmake --install /home/sensors_ws/build/mpu6050driver
[0.909s] -- Install configuration: ""
[0.909s] -- Up-to-date: /home/sensors_ws/install/mpu6050driver/lib/mpu6050driver/mpu6050driver
[0.911s] -- Up-to-date: /home/sensors_ws/install/mpu6050driver/share/mpu6050driver//launch
[0.912s] -- Up-to-date: /home/sensors_ws/install/mpu6050driver/share/mpu6050driver//launch/mpu6050driver_launch.py
[0.912s] -- Up-to-date: /home/sensors_ws/install/mpu6050driver/share/mpu6050driver//params
[0.912s] -- Up-to-date: /home/sensors_ws/install/mpu6050driver/share/mpu6050driver//params/mpu6050.yaml
[0.912s] -- Up-to-date: /home/sensors_ws/install/mpu6050driver/share/ament_index/resource_index/package_run_dependencies/mpu6050driver
[0.913s] -- Up-to-date: /home/sensors_ws/install/mpu6050driver/share/ament_index/resource_index/parent_prefix_path/mpu6050driver
[0.914s] -- Up-to-date: /home/sensors_ws/install/mpu6050driver/share/mpu6050driver/environment/ament_prefix_path.sh
[0.914s] -- Up-to-date: /home/sensors_ws/install/mpu6050driver/share/mpu6050driver/environment/ament_prefix_path.dsv
[0.914s] -- Up-to-date: /home/sensors_ws/install/mpu6050driver/share/mpu6050driver/environment/path.sh
[0.915s] -- Up-to-date: /home/sensors_ws/install/mpu6050driver/share/mpu6050driver/environment/path.dsv
[0.915s] -- Up-to-date: /home/sensors_ws/install/mpu6050driver/share/mpu6050driver/local_setup.bash
[0.916s] -- Up-to-date: /home/sensors_ws/install/mpu6050driver/share/mpu6050driver/local_setup.sh
[0.916s] -- Up-to-date: /home/sensors_ws/install/mpu6050driver/share/mpu6050driver/local_setup.zsh
[0.916s] -- Up-to-date: /home/sensors_ws/install/mpu6050driver/share/mpu6050driver/local_setup.dsv
[0.917s] -- Installing: /home/sensors_ws/install/mpu6050driver/share/mpu6050driver/package.dsv
[0.917s] -- Up-to-date: /home/sensors_ws/install/mpu6050driver/share/ament_index/resource_index/packages/mpu6050driver
[0.917s] -- Up-to-date: /home/sensors_ws/install/mpu6050driver/share/mpu6050driver/cmake/mpu6050driverConfig.cmake
[0.917s] -- Up-to-date: /home/sensors_ws/install/mpu6050driver/share/mpu6050driver/cmake/mpu6050driverConfig-version.cmake
[0.918s] -- Up-to-date: /home/sensors_ws/install/mpu6050driver/share/mpu6050driver/package.xml
[0.948s] Invoked command in '/home/sensors_ws/build/mpu6050driver' returned '0': /usr/local/bin/cmake --install /home/sensors_ws/build/mpu6050driver
