[0.584s] DEBUG:colcon:Command line arguments: ['/usr/bin/colcon', 'build']
[0.584s] DEBUG:colcon:Parsed command line arguments: Namespace(ament_cmake_args=None, base_paths=['.'], build_base='build', catkin_cmake_args=None, catkin_skip_building_tests=False, cmake_args=None, cmake_clean_cache=False, cmake_clean_first=False, cmake_force_configure=False, cmake_target=None, cmake_target_skip_unavailable=False, continue_on_error=False, event_handlers=None, executor='parallel', ignore_user_meta=False, install_base='install', log_base=None, log_level=None, main=<bound method BuildVerb.main of <colcon_core.verb.build.BuildVerb object at 0xffff8f16e7c0>>, merge_install=False, metas=['./colcon.meta'], packages_above=None, packages_above_and_dependencies=None, packages_above_depth=None, packages_end=None, packages_ignore=None, packages_ignore_regex=None, packages_select=None, packages_select_build_failed=False, packages_select_by_dep=None, packages_select_regex=None, packages_select_test_failures=False, packages_skip=None, packages_skip_build_finished=False, packages_skip_by_dep=None, packages_skip_regex=None, packages_skip_test_passed=False, packages_skip_up_to=None, packages_start=None, packages_up_to=None, packages_up_to_regex=None, parallel_workers=8, paths=None, symlink_install=False, test_result_base=None, verb_extension=<colcon_core.verb.build.BuildVerb object at 0xffff8f16e7c0>, verb_name='build', verb_parser=<colcon_defaults.argument_parser.defaults.DefaultArgumentsDecorator object at 0xffff8f1794c0>)
[0.687s] Level 1:colcon.colcon_core.package_discovery:discover_packages(colcon_meta) check parameters
[0.687s] Level 1:colcon.colcon_core.package_discovery:discover_packages(recursive) check parameters
[0.688s] Level 1:colcon.colcon_core.package_discovery:discover_packages(ignore) check parameters
[0.688s] Level 1:colcon.colcon_core.package_discovery:discover_packages(path) check parameters
[0.688s] Level 1:colcon.colcon_core.package_discovery:discover_packages(colcon_meta) discover
[0.688s] Level 1:colcon.colcon_core.package_discovery:discover_packages(recursive) discover
[0.688s] INFO:colcon.colcon_core.package_discovery:Crawling recursively for packages in '/home/sensors_ws'
[0.689s] Level 1:colcon.colcon_core.package_identification:_identify(.) by extensions ['ignore', 'ignore_ament_install']
[0.689s] Level 1:colcon.colcon_core.package_identification:_identify(.) by extension 'ignore'
[0.690s] Level 1:colcon.colcon_core.package_identification:_identify(.) by extension 'ignore_ament_install'
[0.690s] Level 1:colcon.colcon_core.package_identification:_identify(.) by extensions ['colcon_pkg']
[0.690s] Level 1:colcon.colcon_core.package_identification:_identify(.) by extension 'colcon_pkg'
[0.690s] Level 1:colcon.colcon_core.package_identification:_identify(.) by extensions ['colcon_meta']
[0.690s] Level 1:colcon.colcon_core.package_identification:_identify(.) by extension 'colcon_meta'
[0.690s] Level 1:colcon.colcon_core.package_identification:_identify(.) by extensions ['ros']
[0.690s] Level 1:colcon.colcon_core.package_identification:_identify(.) by extension 'ros'
[0.801s] Level 1:colcon.colcon_core.package_identification:_identify(.) by extensions ['cmake', 'python']
[0.802s] Level 1:colcon.colcon_core.package_identification:_identify(.) by extension 'cmake'
[0.802s] Level 1:colcon.colcon_core.package_identification:_identify(.) by extension 'python'
[0.802s] Level 1:colcon.colcon_core.package_identification:_identify(.) by extensions ['python_setup_py']
[0.802s] Level 1:colcon.colcon_core.package_identification:_identify(.) by extension 'python_setup_py'
[0.803s] Level 1:colcon.colcon_core.package_identification:_identify(build) by extensions ['ignore', 'ignore_ament_install']
[0.804s] Level 1:colcon.colcon_core.package_identification:_identify(build) by extension 'ignore'
[0.804s] Level 1:colcon.colcon_core.package_identification:_identify(build) ignored
[0.805s] Level 1:colcon.colcon_core.package_identification:_identify(install) by extensions ['ignore', 'ignore_ament_install']
[0.805s] Level 1:colcon.colcon_core.package_identification:_identify(install) by extension 'ignore'
[0.805s] Level 1:colcon.colcon_core.package_identification:_identify(install) ignored
[0.806s] Level 1:colcon.colcon_core.package_identification:_identify(log) by extensions ['ignore', 'ignore_ament_install']
[0.806s] Level 1:colcon.colcon_core.package_identification:_identify(log) by extension 'ignore'
[0.806s] Level 1:colcon.colcon_core.package_identification:_identify(log) ignored
[0.807s] Level 1:colcon.colcon_core.package_identification:_identify(src) by extensions ['ignore', 'ignore_ament_install']
[0.807s] Level 1:colcon.colcon_core.package_identification:_identify(src) by extension 'ignore'
[0.808s] Level 1:colcon.colcon_core.package_identification:_identify(src) by extension 'ignore_ament_install'
[0.808s] Level 1:colcon.colcon_core.package_identification:_identify(src) by extensions ['colcon_pkg']
[0.808s] Level 1:colcon.colcon_core.package_identification:_identify(src) by extension 'colcon_pkg'
[0.808s] Level 1:colcon.colcon_core.package_identification:_identify(src) by extensions ['colcon_meta']
[0.808s] Level 1:colcon.colcon_core.package_identification:_identify(src) by extension 'colcon_meta'
[0.809s] Level 1:colcon.colcon_core.package_identification:_identify(src) by extensions ['ros']
[0.809s] Level 1:colcon.colcon_core.package_identification:_identify(src) by extension 'ros'
[0.809s] Level 1:colcon.colcon_core.package_identification:_identify(src) by extensions ['cmake', 'python']
[0.809s] Level 1:colcon.colcon_core.package_identification:_identify(src) by extension 'cmake'
[0.810s] Level 1:colcon.colcon_core.package_identification:_identify(src) by extension 'python'
[0.810s] Level 1:colcon.colcon_core.package_identification:_identify(src) by extensions ['python_setup_py']
[0.810s] Level 1:colcon.colcon_core.package_identification:_identify(src) by extension 'python_setup_py'
[0.810s] Level 1:colcon.colcon_core.package_identification:_identify(src/ros2_mpu6050_driver) by extensions ['ignore', 'ignore_ament_install']
[0.811s] Level 1:colcon.colcon_core.package_identification:_identify(src/ros2_mpu6050_driver) by extension 'ignore'
[0.811s] Level 1:colcon.colcon_core.package_identification:_identify(src/ros2_mpu6050_driver) by extension 'ignore_ament_install'
[0.811s] Level 1:colcon.colcon_core.package_identification:_identify(src/ros2_mpu6050_driver) by extensions ['colcon_pkg']
[0.811s] Level 1:colcon.colcon_core.package_identification:_identify(src/ros2_mpu6050_driver) by extension 'colcon_pkg'
[0.811s] Level 1:colcon.colcon_core.package_identification:_identify(src/ros2_mpu6050_driver) by extensions ['colcon_meta']
[0.811s] Level 1:colcon.colcon_core.package_identification:_identify(src/ros2_mpu6050_driver) by extension 'colcon_meta'
[0.812s] Level 1:colcon.colcon_core.package_identification:_identify(src/ros2_mpu6050_driver) by extensions ['ros']
[0.812s] Level 1:colcon.colcon_core.package_identification:_identify(src/ros2_mpu6050_driver) by extension 'ros'
[0.820s] DEBUG:colcon.colcon_core.package_identification:Package 'src/ros2_mpu6050_driver' with type 'ros.ament_cmake' and name 'mpu6050driver'
[0.820s] Level 1:colcon.colcon_core.package_discovery:discover_packages(recursive) using defaults
[0.820s] Level 1:colcon.colcon_core.package_discovery:discover_packages(ignore) discover
[0.820s] Level 1:colcon.colcon_core.package_discovery:discover_packages(ignore) using defaults
[0.820s] Level 1:colcon.colcon_core.package_discovery:discover_packages(path) discover
[0.821s] Level 1:colcon.colcon_core.package_discovery:discover_packages(path) using defaults
[0.912s] Level 5:colcon.colcon_core.verb:set package 'mpu6050driver' build argument 'cmake_args' from command line to 'None'
[0.912s] Level 5:colcon.colcon_core.verb:set package 'mpu6050driver' build argument 'cmake_target' from command line to 'None'
[0.913s] Level 5:colcon.colcon_core.verb:set package 'mpu6050driver' build argument 'cmake_target_skip_unavailable' from command line to 'False'
[0.913s] Level 5:colcon.colcon_core.verb:set package 'mpu6050driver' build argument 'cmake_clean_cache' from command line to 'False'
[0.913s] Level 5:colcon.colcon_core.verb:set package 'mpu6050driver' build argument 'cmake_clean_first' from command line to 'False'
[0.913s] Level 5:colcon.colcon_core.verb:set package 'mpu6050driver' build argument 'cmake_force_configure' from command line to 'False'
[0.913s] Level 5:colcon.colcon_core.verb:set package 'mpu6050driver' build argument 'ament_cmake_args' from command line to 'None'
[0.913s] Level 5:colcon.colcon_core.verb:set package 'mpu6050driver' build argument 'catkin_cmake_args' from command line to 'None'
[0.913s] Level 5:colcon.colcon_core.verb:set package 'mpu6050driver' build argument 'catkin_skip_building_tests' from command line to 'False'
[0.913s] DEBUG:colcon.colcon_core.verb:Building package 'mpu6050driver' with the following arguments: {'ament_cmake_args': None, 'build_base': '/home/sensors_ws/build/mpu6050driver', 'catkin_cmake_args': None, 'catkin_skip_building_tests': False, 'cmake_args': None, 'cmake_clean_cache': False, 'cmake_clean_first': False, 'cmake_force_configure': False, 'cmake_target': None, 'cmake_target_skip_unavailable': False, 'install_base': '/home/sensors_ws/install/mpu6050driver', 'merge_install': False, 'path': '/home/sensors_ws/src/ros2_mpu6050_driver', 'symlink_install': False, 'test_result_base': None}
[0.917s] INFO:colcon.colcon_core.executor:Executing jobs using 'parallel' executor
[0.944s] DEBUG:colcon.colcon_parallel_executor.executor.parallel:run_until_complete
[0.944s] INFO:colcon.colcon_ros.task.ament_cmake.build:Building ROS package in '/home/sensors_ws/src/ros2_mpu6050_driver' with build type 'ament_cmake'
[0.945s] INFO:colcon.colcon_cmake.task.cmake.build:Building CMake package in '/home/sensors_ws/src/ros2_mpu6050_driver'
[0.968s] INFO:colcon.colcon_core.plugin_system:Skipping extension 'colcon_core.shell.bat': Not used on non-Windows systems
[0.969s] INFO:colcon.colcon_core.shell:Skip shell extension 'powershell' for command environment: Not usable outside of PowerShell
[0.969s] DEBUG:colcon.colcon_core.shell:Skip shell extension 'dsv' for command environment
[1.041s] DEBUG:colcon.colcon_core.event_handler.log_command:Invoking command in '/home/sensors_ws/build/mpu6050driver': /usr/local/bin/cmake --build /home/sensors_ws/build/mpu6050driver -- -j8 -l8
[33.176s] DEBUG:colcon.colcon_core.event_handler.log_command:Invoked command in '/home/sensors_ws/build/mpu6050driver' returned '0': /usr/local/bin/cmake --build /home/sensors_ws/build/mpu6050driver -- -j8 -l8
[33.540s] DEBUG:colcon.colcon_core.event_handler.log_command:Invoking command in '/home/sensors_ws/build/mpu6050driver': /usr/local/bin/cmake --install /home/sensors_ws/build/mpu6050driver
[33.708s] Level 1:colcon.colcon_core.environment:create_environment_scripts_only(mpu6050driver)
[33.715s] DEBUG:colcon.colcon_core.event_handler.log_command:Invoked command in '/home/sensors_ws/build/mpu6050driver' returned '0': /usr/local/bin/cmake --install /home/sensors_ws/build/mpu6050driver
[33.743s] Level 1:colcon.colcon_core.environment:checking '/home/sensors_ws/install/mpu6050driver' for CMake module files
[33.746s] Level 1:colcon.colcon_core.environment:checking '/home/sensors_ws/install/mpu6050driver' for CMake config files
[33.747s] Level 1:colcon.colcon_core.shell:create_environment_hook('mpu6050driver', 'cmake_prefix_path')
[33.757s] INFO:colcon.colcon_core.shell:Creating environment hook '/home/sensors_ws/install/mpu6050driver/share/mpu6050driver/hook/cmake_prefix_path.ps1'
[33.762s] INFO:colcon.colcon_core.shell:Creating environment descriptor '/home/sensors_ws/install/mpu6050driver/share/mpu6050driver/hook/cmake_prefix_path.dsv'
[33.764s] INFO:colcon.colcon_core.shell:Creating environment hook '/home/sensors_ws/install/mpu6050driver/share/mpu6050driver/hook/cmake_prefix_path.sh'
[33.767s] Level 1:colcon.colcon_core.environment:checking '/home/sensors_ws/install/mpu6050driver/lib'
[33.768s] Level 1:colcon.colcon_core.environment:checking '/home/sensors_ws/install/mpu6050driver/bin'
[33.768s] Level 1:colcon.colcon_core.environment:checking '/home/sensors_ws/install/mpu6050driver/lib/pkgconfig/mpu6050driver.pc'
[33.771s] Level 1:colcon.colcon_core.environment:checking '/home/sensors_ws/install/mpu6050driver/lib/python3.8/site-packages'
[33.772s] Level 1:colcon.colcon_core.environment:checking '/home/sensors_ws/install/mpu6050driver/bin'
[33.782s] INFO:colcon.colcon_core.shell:Creating package script '/home/sensors_ws/install/mpu6050driver/share/mpu6050driver/package.ps1'
[33.785s] INFO:colcon.colcon_core.shell:Creating package descriptor '/home/sensors_ws/install/mpu6050driver/share/mpu6050driver/package.dsv'
[33.788s] INFO:colcon.colcon_core.shell:Creating package script '/home/sensors_ws/install/mpu6050driver/share/mpu6050driver/package.sh'
[33.790s] INFO:colcon.colcon_core.shell:Creating package script '/home/sensors_ws/install/mpu6050driver/share/mpu6050driver/package.bash'
[33.793s] INFO:colcon.colcon_core.shell:Creating package script '/home/sensors_ws/install/mpu6050driver/share/mpu6050driver/package.zsh'
[33.795s] Level 1:colcon.colcon_core.environment:create_file_with_runtime_dependencies(/home/sensors_ws/install/mpu6050driver/share/colcon-core/packages/mpu6050driver)
[34.012s] Level 1:colcon.colcon_core.environment:create_environment_scripts_only(mpu6050driver)
[34.026s] Level 1:colcon.colcon_core.environment:checking '/home/sensors_ws/install/mpu6050driver' for CMake module files
[34.029s] Level 1:colcon.colcon_core.environment:checking '/home/sensors_ws/install/mpu6050driver' for CMake config files
[34.030s] Level 1:colcon.colcon_core.shell:create_environment_hook('mpu6050driver', 'cmake_prefix_path')
[34.039s] INFO:colcon.colcon_core.shell:Creating environment hook '/home/sensors_ws/install/mpu6050driver/share/mpu6050driver/hook/cmake_prefix_path.ps1'
[34.041s] INFO:colcon.colcon_core.shell:Creating environment descriptor '/home/sensors_ws/install/mpu6050driver/share/mpu6050driver/hook/cmake_prefix_path.dsv'
[34.043s] INFO:colcon.colcon_core.shell:Creating environment hook '/home/sensors_ws/install/mpu6050driver/share/mpu6050driver/hook/cmake_prefix_path.sh'
[34.045s] Level 1:colcon.colcon_core.environment:checking '/home/sensors_ws/install/mpu6050driver/lib'
[34.046s] Level 1:colcon.colcon_core.environment:checking '/home/sensors_ws/install/mpu6050driver/bin'
[34.046s] Level 1:colcon.colcon_core.environment:checking '/home/sensors_ws/install/mpu6050driver/lib/pkgconfig/mpu6050driver.pc'
[34.047s] Level 1:colcon.colcon_core.environment:checking '/home/sensors_ws/install/mpu6050driver/lib/python3.8/site-packages'
[34.047s] Level 1:colcon.colcon_core.environment:checking '/home/sensors_ws/install/mpu6050driver/bin'
[34.057s] INFO:colcon.colcon_core.shell:Creating package script '/home/sensors_ws/install/mpu6050driver/share/mpu6050driver/package.ps1'
[34.059s] INFO:colcon.colcon_core.shell:Creating package descriptor '/home/sensors_ws/install/mpu6050driver/share/mpu6050driver/package.dsv'
[34.060s] INFO:colcon.colcon_core.shell:Creating package script '/home/sensors_ws/install/mpu6050driver/share/mpu6050driver/package.sh'
[34.062s] INFO:colcon.colcon_core.shell:Creating package script '/home/sensors_ws/install/mpu6050driver/share/mpu6050driver/package.bash'
[34.064s] INFO:colcon.colcon_core.shell:Creating package script '/home/sensors_ws/install/mpu6050driver/share/mpu6050driver/package.zsh'
[34.065s] Level 1:colcon.colcon_core.environment:create_file_with_runtime_dependencies(/home/sensors_ws/install/mpu6050driver/share/colcon-core/packages/mpu6050driver)
[34.067s] DEBUG:colcon.colcon_parallel_executor.executor.parallel:closing loop
[34.069s] DEBUG:colcon.colcon_parallel_executor.executor.parallel:loop closed
[34.069s] DEBUG:colcon.colcon_parallel_executor.executor.parallel:run_until_complete finished with '0'
[34.070s] DEBUG:colcon.colcon_core.event_reactor:joining thread
[34.101s] INFO:colcon.colcon_core.plugin_system:Skipping extension 'colcon_notification.desktop_notification.notify_send': Could not find 'notify-send'
[34.101s] INFO:colcon.colcon_core.plugin_system:Skipping extension 'colcon_notification.desktop_notification.terminal_notifier': Not used on non-Darwin systems
[34.101s] INFO:colcon.colcon_core.plugin_system:Skipping extension 'colcon_notification.desktop_notification.win32': Not used on non-Windows systems
[34.102s] INFO:colcon.colcon_notification.desktop_notification:Sending desktop notification using 'notify2'
[34.121s] DEBUG:colcon.colcon_notification.desktop_notification.notify2:Failed to initialize notify2: org.freedesktop.DBus.Error.ServiceUnknown: The name org.freedesktop.Notifications was not provided by any .service files
[34.122s] DEBUG:colcon.colcon_core.event_reactor:joined thread
[34.136s] INFO:colcon.colcon_core.shell:Creating prefix script '/home/sensors_ws/install/local_setup.ps1'
[34.141s] INFO:colcon.colcon_core.shell:Creating prefix util module '/home/sensors_ws/install/_local_setup_util_ps1.py'
[34.146s] INFO:colcon.colcon_core.shell:Creating prefix chain script '/home/sensors_ws/install/setup.ps1'
[34.152s] INFO:colcon.colcon_core.shell:Creating prefix script '/home/sensors_ws/install/local_setup.sh'
[34.154s] INFO:colcon.colcon_core.shell:Creating prefix util module '/home/sensors_ws/install/_local_setup_util_sh.py'
[34.155s] INFO:colcon.colcon_core.shell:Creating prefix chain script '/home/sensors_ws/install/setup.sh'
[34.160s] INFO:colcon.colcon_core.shell:Creating prefix script '/home/sensors_ws/install/local_setup.bash'
[34.162s] INFO:colcon.colcon_core.shell:Creating prefix chain script '/home/sensors_ws/install/setup.bash'
[34.167s] INFO:colcon.colcon_core.shell:Creating prefix script '/home/sensors_ws/install/local_setup.zsh'
[34.168s] INFO:colcon.colcon_core.shell:Creating prefix chain script '/home/sensors_ws/install/setup.zsh'
